2025-05-19 22:22:05 [info]: MongoDB connected successfully
2025-05-19 22:22:05 [info]: Server running in development mode on port 3000
2025-05-19 22:22:05 [info]: WebSocket server initialized
2025-05-19 22:22:23 [info]: User registered: admin
2025-05-19 22:22:29 [info]: User logged in: admin
2025-05-19 22:22:43 [info]: New endpoint created: test-endpoint (192.168.1.100)
2025-05-19 22:22:54 [info]: New application created: Web Browser
2025-05-19 22:23:03 [info]: New mapping created: Endpoint test-endpoint to Application Web Browser
2025-05-19 22:23:21 [info]: New firewall rule created: Allow HTTPS for application Web Browser
2025-05-19 22:36:17 [info]: MongoDB connected successfully
2025-05-19 22:36:17 [info]: Server running in development mode on port 3000
2025-05-19 22:36:17 [info]: WebSocket server initialized
2025-05-19 22:41:15 [info]: MongoDB connected successfully
2025-05-19 22:41:15 [info]: Server running in development mode on port 3000
2025-05-19 22:41:15 [info]: WebSocket server initialized
2025-05-19 22:41:29 [info]: MongoDB connected successfully
2025-05-19 22:41:29 [info]: Server running in development mode on port 3000
2025-05-19 22:41:29 [info]: WebSocket server initialized
2025-05-19 22:42:12 [info]: MongoDB connected successfully
2025-05-19 22:42:12 [info]: Server running in development mode on port 3000
2025-05-19 22:42:12 [info]: WebSocket server initialized
2025-05-19 22:42:23 [info]: MongoDB connected successfully
2025-05-19 22:42:23 [info]: Server running in development mode on port 3000
2025-05-19 22:42:23 [info]: WebSocket server initialized
2025-05-19 22:42:39 [info]: MongoDB connected successfully
2025-05-19 22:42:39 [info]: Server running in development mode on port 3000
2025-05-19 22:42:39 [info]: WebSocket server initialized
2025-05-19 22:43:12 [info]: MongoDB connected successfully
2025-05-19 22:43:12 [info]: Server running in development mode on port 3000
2025-05-19 22:43:12 [info]: WebSocket server initialized
2025-05-19 22:47:47 [info]: MongoDB connected successfully
2025-05-19 22:47:47 [info]: Server running in development mode on port 3000
2025-05-19 22:47:47 [info]: WebSocket server initialized
2025-05-19 23:03:07 [info]: MongoDB connected successfully
2025-05-19 23:03:07 [info]: Server running in development mode on port 3000
2025-05-19 23:03:07 [info]: WebSocket server initialized
2025-05-19 23:04:21 [info]: MongoDB connected successfully
2025-05-19 23:04:55 [info]: MongoDB connected successfully
2025-05-19 23:05:04 [info]: MongoDB connected successfully
2025-05-19 23:05:46 [error]: MongoDB connection error: bad auth : authentication failed
2025-05-19 23:10:18 [info]: Attempting to connect to MongoDB at: mongodb+srv://roadsidecoder:yCeoaaLmLmYgxpK1@cluster0.yhpeljt.mongodb.net/?retryWrites=true&w=majority&appName=Cluster0
2025-05-19 23:10:19 [info]: MongoDB connected successfully
2025-05-19 23:10:19 [info]: MongoDB connection successful
2025-05-19 23:10:19 [info]: Server running in development mode on port 3000
2025-05-19 23:10:19 [info]: WebSocket server initialized
2025-05-19 23:10:33 [info]: Attempting to connect to MongoDB at: mongodb+srv://roadsidecoder:yCeoaaLmLmYgxpK1@cluster0.yhpeljt.mongodb.net/?retryWrites=true&w=majority&appName=Cluster0
2025-05-19 23:10:33 [info]: Connecting to MongoDB with URI: mongodb+srv://roadsidecoder:****@cluster0.yhpeljt.mongodb.net/?retryWrites=true&w=majority&appName=Cluster0
2025-05-19 23:10:34 [info]: MongoDB connected successfully
2025-05-19 23:10:34 [info]: MongoDB connection successful
2025-05-19 23:10:34 [info]: Server running in development mode on port 3000
2025-05-19 23:10:34 [info]: WebSocket server initialized
2025-05-19 23:11:56 [info]: Attempting to connect to MongoDB at: mongodb+srv://roadsidecoder:yCeoaaLmLmYgxpK1@cluster0.yhpeljt.mongodb.net/?retryWrites=true&w=majority&appName=Cluster0
2025-05-19 23:11:56 [info]: Connecting to MongoDB with URI: mongodb+srv://roadsidecoder:****@cluster0.yhpeljt.mongodb.net/?retryWrites=true&w=majority&appName=Cluster0
2025-05-19 23:11:56 [info]: MongoDB connected successfully
2025-05-19 23:12:34 [info]: Attempting to connect to MongoDB at: mongodb+srv://roadsidecoder:yCeoaaLmLmYgxpK1@cluster0.yhpeljt.mongodb.net/?retryWrites=true&w=majority&appName=Cluster0
2025-05-19 23:12:34 [info]: Connecting to MongoDB with URI: mongodb+srv://roadsidecoder:****@cluster0.yhpeljt.mongodb.net/?retryWrites=true&w=majority&appName=Cluster0
2025-05-19 23:12:35 [info]: MongoDB connected successfully
2025-05-19 23:14:52 [info]: Attempting to connect to MongoDB at: mongodb+srv://roadsidecoder:yCeoaaLmLmYgxpK1@cluster0.yhpeljt.mongodb.net/?retryWrites=true&w=majority&appName=Cluster0
2025-05-19 23:14:52 [info]: Connecting to MongoDB with URI: mongodb+srv://roadsidecoder:****@cluster0.yhpeljt.mongodb.net/?retryWrites=true&w=majority&appName=Cluster0
2025-05-19 23:14:52 [info]: MongoDB connected successfully
2025-05-19 23:15:38 [info]: Attempting to connect to MongoDB at: mongodb+srv://roadsidecoder:yCeoaaLmLmYgxpK1@cluster0.yhpeljt.mongodb.net/?retryWrites=true&w=majority&appName=Cluster0
2025-05-19 23:15:38 [info]: Connecting to MongoDB with URI: mongodb+srv://roadsidecoder:****@cluster0.yhpeljt.mongodb.net/?retryWrites=true&w=majority&appName=Cluster0
2025-05-19 23:15:39 [info]: MongoDB connected successfully
2025-05-19 23:16:55 [info]: Attempting to connect to MongoDB at: mongodb+srv://roadsidecoder:yCeoaaLmLmYgxpK1@cluster0.yhpeljt.mongodb.net/?retryWrites=true&w=majority&appName=Cluster0
2025-05-19 23:16:55 [info]: Connecting to MongoDB with URI: mongodb+srv://roadsidecoder:****@cluster0.yhpeljt.mongodb.net/?retryWrites=true&w=majority&appName=Cluster0
2025-05-19 23:16:55 [info]: MongoDB connected successfully
2025-05-19 23:22:10 [info]: Attempting to connect to MongoDB at: mongodb+srv://roadsidecoder:yCeoaaLmLmYgxpK1@cluster0.yhpeljt.mongodb.net/?retryWrites=true&w=majority&appName=Cluster0
2025-05-19 23:22:10 [info]: Connecting to MongoDB with URI: mongodb+srv://roadsidecoder:****@cluster0.yhpeljt.mongodb.net/?retryWrites=true&w=majority&appName=Cluster0
2025-05-19 23:22:10 [info]: MongoDB connected successfully
2025-05-19 23:22:11 [info]: MongoDB connection successful
2025-05-19 23:22:11 [info]: Server running in development mode on port 3000
2025-05-19 23:22:11 [info]: WebSocket server initialized
2025-05-19 23:35:57 [info]: Attempting to connect to MongoDB at: mongodb+srv://roadsidecoder:yCeoaaLmLmYgxpK1@cluster0.yhpeljt.mongodb.net/?retryWrites=true&w=majority&appName=Cluster0
2025-05-19 23:35:57 [info]: Connecting to MongoDB with URI: mongodb+srv://roadsidecoder:****@cluster0.yhpeljt.mongodb.net/?retryWrites=true&w=majority&appName=Cluster0
2025-05-19 23:35:57 [info]: MongoDB connected successfully
2025-05-19 23:35:57 [info]: MongoDB connection successful
2025-05-19 23:35:57 [info]: Server running in development mode on port 3000
2025-05-19 23:35:57 [info]: WebSocket server initialized
2025-05-19 23:37:33 [info]: Attempting to connect to MongoDB at: mongodb+srv://roadsidecoder:yCeoaaLmLmYgxpK1@cluster0.yhpeljt.mongodb.net/?retryWrites=true&w=majority&appName=Cluster0
2025-05-19 23:37:33 [info]: Connecting to MongoDB with URI: mongodb+srv://roadsidecoder:****@cluster0.yhpeljt.mongodb.net/?retryWrites=true&w=majority&appName=Cluster0
2025-05-19 23:37:33 [info]: MongoDB connected successfully
2025-05-19 23:37:33 [info]: MongoDB connection successful
2025-05-19 23:37:33 [info]: Server running in development mode on port 3000
2025-05-19 23:37:33 [info]: WebSocket server initialized
2025-05-20 09:33:26 [info]: Attempting to connect to MongoDB at: mongodb+srv://roadsidecoder:yCeoaaLmLmYgxpK1@cluster0.yhpeljt.mongodb.net/?retryWrites=true&w=majority&appName=Cluster0
2025-05-20 09:33:26 [info]: Connecting to MongoDB with URI: mongodb+srv://roadsidecoder:****@cluster0.yhpeljt.mongodb.net/?retryWrites=true&w=majority&appName=Cluster0
2025-05-20 09:33:26 [info]: MongoDB connected successfully
2025-05-20 09:33:26 [info]: MongoDB connection successful
2025-05-20 09:33:26 [info]: Server running in development mode on port 3000
2025-05-20 09:33:26 [info]: WebSocket server initialized
2025-05-20 09:34:15 [info]: Attempting to connect to MongoDB at: mongodb+srv://roadsidecoder:yCeoaaLmLmYgxpK1@cluster0.yhpeljt.mongodb.net/?retryWrites=true&w=majority&appName=Cluster0
2025-05-20 09:34:15 [info]: Connecting to MongoDB with URI: mongodb+srv://roadsidecoder:****@cluster0.yhpeljt.mongodb.net/?retryWrites=true&w=majority&appName=Cluster0
2025-05-20 09:34:15 [info]: MongoDB connected successfully
2025-05-20 09:34:15 [info]: MongoDB connection successful
2025-05-20 09:34:15 [info]: Server running in development mode on port 3000
2025-05-20 09:34:15 [info]: WebSocket server initialized
2025-05-20 09:36:01 [info]: Attempting to connect to MongoDB at: mongodb+srv://roadsidecoder:yCeoaaLmLmYgxpK1@cluster0.yhpeljt.mongodb.net/?retryWrites=true&w=majority&appName=Cluster0
2025-05-20 09:36:01 [info]: Connecting to MongoDB with URI: mongodb+srv://roadsidecoder:****@cluster0.yhpeljt.mongodb.net/?retryWrites=true&w=majority&appName=Cluster0
2025-05-20 09:36:02 [info]: MongoDB connected successfully
2025-05-20 09:36:02 [info]: MongoDB connection successful
2025-05-20 09:36:02 [info]: Server running in development mode on port 5000
2025-05-20 09:36:02 [info]: WebSocket server initialized
2025-05-20 09:45:53 [info]: Attempting to connect to MongoDB at: mongodb+srv://roadsidecoder:yCeoaaLmLmYgxpK1@cluster0.yhpeljt.mongodb.net/?retryWrites=true&w=majority&appName=Cluster0
2025-05-20 09:45:53 [info]: Connecting to MongoDB with URI: mongodb+srv://roadsidecoder:****@cluster0.yhpeljt.mongodb.net/?retryWrites=true&w=majority&appName=Cluster0
2025-05-20 09:45:54 [info]: MongoDB connected successfully
2025-05-20 09:45:54 [info]: MongoDB connection successful
2025-05-20 09:45:54 [info]: Server running in development mode on port 5000
2025-05-20 09:45:54 [info]: WebSocket server initialized
2025-05-20 09:46:22 [info]: User registered: abhinav@gmail.com
2025-05-20 09:50:12 [info]: Attempting to connect to MongoDB at: mongodb+srv://roadsidecoder:yCeoaaLmLmYgxpK1@cluster0.yhpeljt.mongodb.net/?retryWrites=true&w=majority&appName=Cluster0
2025-05-20 09:50:12 [info]: Connecting to MongoDB with URI: mongodb+srv://roadsidecoder:****@cluster0.yhpeljt.mongodb.net/?retryWrites=true&w=majority&appName=Cluster0
2025-05-20 09:50:12 [info]: MongoDB connected successfully
2025-05-20 09:50:12 [info]: MongoDB connection successful
2025-05-20 09:50:12 [info]: Server running in development mode on port 5000
2025-05-20 09:50:12 [info]: WebSocket server initialized
2025-05-20 09:52:49 [info]: Attempting to connect to MongoDB at: mongodb+srv://roadsidecoder:yCeoaaLmLmYgxpK1@cluster0.yhpeljt.mongodb.net/?retryWrites=true&w=majority&appName=Cluster0
2025-05-20 09:52:49 [info]: Connecting to MongoDB with URI: mongodb+srv://roadsidecoder:****@cluster0.yhpeljt.mongodb.net/?retryWrites=true&w=majority&appName=Cluster0
2025-05-20 09:52:50 [info]: MongoDB connected successfully
2025-05-20 09:52:50 [info]: MongoDB connection successful
2025-05-20 09:52:50 [info]: Server running in development mode on port 5000
2025-05-20 09:52:50 [info]: WebSocket server initialized
2025-05-20 09:52:58 [info]: User logged in: abhinav@gmail.com
2025-05-20 09:52:58 [info]: WebSocket client connected: abhinav@gmail.com (682c02150ea91afea37b10b2)
2025-05-20 09:52:58 [info]: WebSocket client disconnected: abhinav@gmail.com (682c02150ea91afea37b10b2)
2025-05-20 09:52:59 [info]: WebSocket client connected: abhinav@gmail.com (682c02150ea91afea37b10b2)
2025-05-20 09:53:02 [info]: WebSocket client disconnected: abhinav@gmail.com (682c02150ea91afea37b10b2)
2025-05-20 09:53:03 [info]: WebSocket client connected: abhinav@gmail.com (682c02150ea91afea37b10b2)
2025-05-20 09:53:03 [info]: WebSocket client connected: abhinav@gmail.com (682c02150ea91afea37b10b2)
2025-05-20 09:53:03 [info]: WebSocket client connected: abhinav@gmail.com (682c02150ea91afea37b10b2)
2025-05-20 09:53:04 [info]: WebSocket client connected: abhinav@gmail.com (682c02150ea91afea37b10b2)
2025-05-20 09:53:04 [info]: WebSocket client connected: abhinav@gmail.com (682c02150ea91afea37b10b2)
2025-05-20 09:53:04 [info]: WebSocket client connected: abhinav@gmail.com (682c02150ea91afea37b10b2)
2025-05-20 09:55:36 [info]: WebSocket client disconnected: abhinav@gmail.com (682c02150ea91afea37b10b2)
2025-05-20 09:55:36 [info]: WebSocket client disconnected: abhinav@gmail.com (682c02150ea91afea37b10b2)
2025-05-20 09:55:36 [info]: WebSocket client disconnected: abhinav@gmail.com (682c02150ea91afea37b10b2)
2025-05-20 09:55:36 [info]: WebSocket client disconnected: abhinav@gmail.com (682c02150ea91afea37b10b2)
2025-05-20 09:55:37 [info]: WebSocket client connected: abhinav@gmail.com (682c02150ea91afea37b10b2)
2025-05-20 09:55:37 [info]: WebSocket client connected: abhinav@gmail.com (682c02150ea91afea37b10b2)
2025-05-20 09:55:38 [info]: WebSocket client connected: abhinav@gmail.com (682c02150ea91afea37b10b2)
2025-05-20 09:55:38 [info]: WebSocket client connected: abhinav@gmail.com (682c02150ea91afea37b10b2)
2025-05-20 09:55:38 [info]: WebSocket client disconnected: abhinav@gmail.com (682c02150ea91afea37b10b2)
2025-05-20 09:55:40 [info]: WebSocket client connected: abhinav@gmail.com (682c02150ea91afea37b10b2)
2025-05-20 09:55:40 [info]: WebSocket client connected: abhinav@gmail.com (682c02150ea91afea37b10b2)
2025-05-20 09:55:40 [info]: WebSocket client connected: abhinav@gmail.com (682c02150ea91afea37b10b2)
2025-05-20 09:55:40 [info]: WebSocket client connected: abhinav@gmail.com (682c02150ea91afea37b10b2)
2025-05-20 09:55:53 [info]: WebSocket client disconnected: abhinav@gmail.com (682c02150ea91afea37b10b2)
2025-05-20 09:55:53 [info]: WebSocket client disconnected: abhinav@gmail.com (682c02150ea91afea37b10b2)
2025-05-20 09:55:53 [info]: WebSocket client disconnected: abhinav@gmail.com (682c02150ea91afea37b10b2)
2025-05-20 09:55:53 [info]: WebSocket client disconnected: abhinav@gmail.com (682c02150ea91afea37b10b2)
2025-05-20 09:55:53 [info]: WebSocket client disconnected: abhinav@gmail.com (682c02150ea91afea37b10b2)
2025-05-20 09:55:53 [info]: WebSocket client connected: abhinav@gmail.com (682c02150ea91afea37b10b2)
2025-05-20 09:55:53 [info]: WebSocket client connected: abhinav@gmail.com (682c02150ea91afea37b10b2)
2025-05-20 09:55:53 [info]: WebSocket client disconnected: abhinav@gmail.com (682c02150ea91afea37b10b2)
2025-05-20 09:55:54 [info]: WebSocket client connected: abhinav@gmail.com (682c02150ea91afea37b10b2)
2025-05-20 09:55:54 [info]: WebSocket client connected: abhinav@gmail.com (682c02150ea91afea37b10b2)
2025-05-20 09:55:54 [info]: WebSocket client disconnected: abhinav@gmail.com (682c02150ea91afea37b10b2)
2025-05-20 09:55:55 [info]: WebSocket client connected: abhinav@gmail.com (682c02150ea91afea37b10b2)
2025-05-20 09:55:55 [info]: WebSocket client connected: abhinav@gmail.com (682c02150ea91afea37b10b2)
2025-05-20 09:55:55 [info]: WebSocket client disconnected: abhinav@gmail.com (682c02150ea91afea37b10b2)
2025-05-20 09:55:56 [info]: WebSocket client connected: abhinav@gmail.com (682c02150ea91afea37b10b2)
2025-05-20 09:55:56 [info]: WebSocket client connected: abhinav@gmail.com (682c02150ea91afea37b10b2)
2025-05-20 09:55:56 [info]: WebSocket client connected: abhinav@gmail.com (682c02150ea91afea37b10b2)
2025-05-20 09:55:56 [info]: WebSocket client connected: abhinav@gmail.com (682c02150ea91afea37b10b2)
2025-05-20 09:55:56 [info]: WebSocket client connected: abhinav@gmail.com (682c02150ea91afea37b10b2)
2025-05-20 09:55:56 [info]: WebSocket client disconnected: abhinav@gmail.com (682c02150ea91afea37b10b2)
2025-05-20 09:55:57 [info]: WebSocket client connected: abhinav@gmail.com (682c02150ea91afea37b10b2)
2025-05-20 09:56:05 [info]: Attempting to connect to MongoDB at: mongodb+srv://roadsidecoder:yCeoaaLmLmYgxpK1@cluster0.yhpeljt.mongodb.net/?retryWrites=true&w=majority&appName=Cluster0
2025-05-20 09:56:05 [info]: Connecting to MongoDB with URI: mongodb+srv://roadsidecoder:****@cluster0.yhpeljt.mongodb.net/?retryWrites=true&w=majority&appName=Cluster0
2025-05-20 09:56:05 [info]: MongoDB connected successfully
2025-05-20 09:56:05 [info]: MongoDB connection successful
2025-05-20 09:56:05 [info]: Server running in development mode on port 5000
2025-05-20 09:56:05 [info]: WebSocket server initialized
2025-05-20 09:56:06 [info]: WebSocket client connected: abhinav@gmail.com (682c02150ea91afea37b10b2)
2025-05-20 09:56:07 [info]: WebSocket client connected: abhinav@gmail.com (682c02150ea91afea37b10b2)
2025-05-20 09:56:08 [info]: WebSocket client connected: abhinav@gmail.com (682c02150ea91afea37b10b2)
2025-05-20 09:56:08 [info]: WebSocket client disconnected: abhinav@gmail.com (682c02150ea91afea37b10b2)
2025-05-20 09:56:10 [info]: WebSocket client connected: abhinav@gmail.com (682c02150ea91afea37b10b2)
2025-05-20 09:56:10 [info]: WebSocket client connected: abhinav@gmail.com (682c02150ea91afea37b10b2)
2025-05-20 09:56:14 [info]: WebSocket client disconnected: abhinav@gmail.com (682c02150ea91afea37b10b2)
2025-05-20 09:56:14 [info]: WebSocket client disconnected: abhinav@gmail.com (682c02150ea91afea37b10b2)
2025-05-20 09:56:15 [info]: WebSocket client connected: abhinav@gmail.com (682c02150ea91afea37b10b2)
2025-05-20 09:56:15 [info]: WebSocket client connected: abhinav@gmail.com (682c02150ea91afea37b10b2)
2025-05-20 09:56:15 [info]: WebSocket client disconnected: abhinav@gmail.com (682c02150ea91afea37b10b2)
2025-05-20 09:56:16 [info]: WebSocket client connected: abhinav@gmail.com (682c02150ea91afea37b10b2)
2025-05-20 09:57:10 [info]: WebSocket client disconnected: abhinav@gmail.com (682c02150ea91afea37b10b2)
2025-05-20 09:57:11 [info]: WebSocket client connected: abhinav@gmail.com (682c02150ea91afea37b10b2)
2025-05-20 09:57:12 [info]: WebSocket client connected: abhinav@gmail.com (682c02150ea91afea37b10b2)
2025-05-20 09:57:12 [info]: WebSocket client disconnected: abhinav@gmail.com (682c02150ea91afea37b10b2)
2025-05-20 09:57:12 [info]: WebSocket client connected: abhinav@gmail.com (682c02150ea91afea37b10b2)
2025-05-20 09:57:27 [info]: WebSocket client disconnected: abhinav@gmail.com (682c02150ea91afea37b10b2)
2025-05-20 09:57:29 [info]: WebSocket client connected: abhinav@gmail.com (682c02150ea91afea37b10b2)
2025-05-20 09:57:30 [info]: WebSocket client connected: abhinav@gmail.com (682c02150ea91afea37b10b2)
2025-05-20 09:57:30 [info]: WebSocket client disconnected: abhinav@gmail.com (682c02150ea91afea37b10b2)
2025-05-20 09:57:31 [info]: WebSocket client connected: abhinav@gmail.com (682c02150ea91afea37b10b2)
2025-05-20 09:57:31 [info]: WebSocket client connected: abhinav@gmail.com (682c02150ea91afea37b10b2)
2025-05-20 09:58:29 [info]: WebSocket client disconnected: abhinav@gmail.com (682c02150ea91afea37b10b2)
2025-05-20 09:58:29 [info]: WebSocket client disconnected: abhinav@gmail.com (682c02150ea91afea37b10b2)
2025-05-20 09:58:30 [info]: WebSocket client connected: abhinav@gmail.com (682c02150ea91afea37b10b2)
2025-05-20 09:58:55 [info]: WebSocket client disconnected: abhinav@gmail.com (682c02150ea91afea37b10b2)
2025-05-20 09:58:56 [info]: WebSocket client connected: abhinav@gmail.com (682c02150ea91afea37b10b2)
2025-05-20 09:58:57 [info]: WebSocket client disconnected: abhinav@gmail.com (682c02150ea91afea37b10b2)
2025-05-20 09:58:58 [info]: WebSocket client connected: abhinav@gmail.com (682c02150ea91afea37b10b2)
2025-05-20 09:59:19 [info]: WebSocket client disconnected: abhinav@gmail.com (682c02150ea91afea37b10b2)
2025-05-20 09:59:20 [info]: WebSocket client connected: abhinav@gmail.com (682c02150ea91afea37b10b2)
2025-05-20 09:59:20 [info]: WebSocket client disconnected: abhinav@gmail.com (682c02150ea91afea37b10b2)
2025-05-20 09:59:21 [info]: WebSocket client connected: abhinav@gmail.com (682c02150ea91afea37b10b2)
2025-05-20 09:59:21 [info]: WebSocket client disconnected: abhinav@gmail.com (682c02150ea91afea37b10b2)
2025-05-20 09:59:22 [info]: WebSocket client connected: abhinav@gmail.com (682c02150ea91afea37b10b2)
2025-05-20 09:59:22 [info]: WebSocket client disconnected: abhinav@gmail.com (682c02150ea91afea37b10b2)
2025-05-20 09:59:23 [info]: WebSocket client connected: abhinav@gmail.com (682c02150ea91afea37b10b2)
2025-05-20 09:59:40 [info]: WebSocket client disconnected: abhinav@gmail.com (682c02150ea91afea37b10b2)
2025-05-20 09:59:41 [info]: WebSocket client connected: abhinav@gmail.com (682c02150ea91afea37b10b2)
2025-05-20 09:59:47 [info]: WebSocket client disconnected: abhinav@gmail.com (682c02150ea91afea37b10b2)
2025-05-20 09:59:50 [info]: WebSocket client connected: abhinav@gmail.com (682c02150ea91afea37b10b2)
2025-05-20 09:59:50 [info]: WebSocket client disconnected: abhinav@gmail.com (682c02150ea91afea37b10b2)
2025-05-20 09:59:51 [info]: WebSocket client connected: abhinav@gmail.com (682c02150ea91afea37b10b2)
2025-05-20 10:01:40 [info]: WebSocket client disconnected: abhinav@gmail.com (682c02150ea91afea37b10b2)
2025-05-20 10:01:42 [info]: WebSocket client connected: abhinav@gmail.com (682c02150ea91afea37b10b2)
2025-05-20 10:02:33 [info]: Attempting to connect to MongoDB at: mongodb+srv://roadsidecoder:yCeoaaLmLmYgxpK1@cluster0.yhpeljt.mongodb.net/?retryWrites=true&w=majority&appName=Cluster0
2025-05-20 10:02:33 [info]: Connecting to MongoDB with URI: mongodb+srv://roadsidecoder:****@cluster0.yhpeljt.mongodb.net/?retryWrites=true&w=majority&appName=Cluster0
2025-05-20 10:02:33 [info]: MongoDB connected successfully
2025-05-20 10:02:33 [info]: MongoDB connection successful
2025-05-20 10:02:33 [info]: Server running in development mode on port 5000
2025-05-20 10:02:33 [info]: WebSocket server initialized
2025-05-20 10:02:44 [info]: User logged in: abhinav@gmail.com
2025-05-20 10:02:45 [info]: WebSocket client connected: abhinav@gmail.com (682c02150ea91afea37b10b2)
2025-05-20 10:12:13 [info]: New endpoint created: Server 01 (192.168.12.56)
