2025-05-19 23:04:21 [error]: Uncaught Exception: listen EADDRINUSE: address already in use :::3000
2025-05-19 23:04:55 [error]: Uncaught Exception: listen EADDRINUSE: address already in use :::3000
2025-05-19 23:05:04 [error]: Uncaught Exception: listen EADDRINUSE: address already in use :::3000
2025-05-19 23:05:46 [error]: MongoDB connection error: bad auth : authentication failed
2025-05-19 23:11:56 [error]: Uncaught Exception: listen EADDRINUSE: address already in use :::3000
2025-05-19 23:12:35 [error]: Uncaught Exception: listen EADDRINUSE: address already in use :::3000
2025-05-19 23:14:52 [error]: Uncaught Exception: listen EADDRINUSE: address already in use :::3000
2025-05-19 23:15:39 [error]: Uncaught Exception: listen EADDRINUSE: address already in use :::3000
2025-05-19 23:16:55 [error]: Uncaught Exception: listen EADDRINUSE: address already in use :::3000
2025-05-20 10:43:44 [error]: Uncaught Exception: listen EADDRINUSE: address already in use :::5000
2025-05-24 20:54:48 [error]: JWT verification error: getaddrinfo ENOTFOUND ac-tg8u5c6-shard-00-00.yhpeljt.mongodb.net
2025-05-24 20:54:49 [error]: JWT verification error: getaddrinfo ENOTFOUND ac-tg8u5c6-shard-00-00.yhpeljt.mongodb.net
2025-05-27 21:12:32 [error]: JWT verification error: jwt expired
2025-05-31 01:59:49 [error]: Uncaught Exception: listen EADDRINUSE: address already in use :::5000
2025-05-31 02:22:52 [error]: Uncaught Exception: listen EADDRINUSE: address already in use :::5000
2025-05-31 06:06:46 [error]: JWT verification error: getaddrinfo ENOTFOUND ac-tg8u5c6-shard-00-01.yhpeljt.mongodb.net
2025-05-31 06:06:46 [error]: JWT verification error: getaddrinfo ENOTFOUND ac-tg8u5c6-shard-00-01.yhpeljt.mongodb.net
2025-05-31 06:06:46 [error]: JWT verification error: getaddrinfo ENOTFOUND ac-tg8u5c6-shard-00-01.yhpeljt.mongodb.net
2025-05-31 06:06:46 [error]: JWT verification error: getaddrinfo ENOTFOUND ac-tg8u5c6-shard-00-01.yhpeljt.mongodb.net
2025-05-31 06:06:46 [error]: JWT verification error: getaddrinfo ENOTFOUND ac-tg8u5c6-shard-00-01.yhpeljt.mongodb.net
2025-05-31 06:06:46 [error]: JWT verification error: getaddrinfo ENOTFOUND ac-tg8u5c6-shard-00-01.yhpeljt.mongodb.net
2025-05-31 06:06:46 [error]: JWT verification error: getaddrinfo ENOTFOUND ac-tg8u5c6-shard-00-01.yhpeljt.mongodb.net
2025-05-31 06:06:46 [error]: JWT verification error: getaddrinfo ENOTFOUND ac-tg8u5c6-shard-00-01.yhpeljt.mongodb.net
2025-05-31 06:06:46 [error]: WebSocket connection error: getaddrinfo ENOTFOUND ac-tg8u5c6-shard-00-01.yhpeljt.mongodb.net
2025-06-01 14:39:13 [error]: Error processing application chrome.exe: Plan executor error during findAndModify :: caused by :: E11000 duplicate key error collection: test.applications index: name_1 dup key: { name: "chrome.exe" }
2025-06-01 14:39:51 [error]: Error processing application chrome.exe: Plan executor error during findAndModify :: caused by :: E11000 duplicate key error collection: test.applications index: name_1 dup key: { name: "chrome.exe" }
2025-06-01 17:39:45 [error]: Error processing application chrome.exe: Plan executor error during findAndModify :: caused by :: E11000 duplicate key error collection: test.applications index: name_1 dup key: { name: "chrome.exe" }
2025-06-01 17:53:00 [error]: Error processing application chrome.exe: Plan executor error during findAndModify :: caused by :: E11000 duplicate key error collection: test.applications index: name_1 dup key: { name: "chrome.exe" }
2025-06-01 17:53:54 [error]: Error processing application chrome.exe: Plan executor error during findAndModify :: caused by :: E11000 duplicate key error collection: test.applications index: name_1 dup key: { name: "chrome.exe" }
2025-06-01 17:53:54 [error]: Error processing application msedgewebview2.exe: Plan executor error during findAndModify :: caused by :: E11000 duplicate key error collection: test.applications index: name_1 dup key: { name: "msedgewebview2.exe" }
2025-06-01 22:44:18 [error]: Error processing application chrome.exe: Plan executor error during findAndModify :: caused by :: E11000 duplicate key error collection: test.applications index: name_1 dup key: { name: "chrome.exe" }
2025-06-01 22:44:19 [error]: Error processing application msedgewebview2.exe: Plan executor error during findAndModify :: caused by :: E11000 duplicate key error collection: test.applications index: name_1 dup key: { name: "msedgewebview2.exe" }
2025-06-01 22:47:38 [error]: Error processing application chrome.exe: Plan executor error during findAndModify :: caused by :: E11000 duplicate key error collection: test.applications index: name_1 dup key: { name: "chrome.exe" }
2025-06-01 22:47:38 [error]: Error processing application msedgewebview2.exe: Plan executor error during findAndModify :: caused by :: E11000 duplicate key error collection: test.applications index: name_1 dup key: { name: "msedgewebview2.exe" }
2025-06-01 22:49:19 [error]: Error processing application chrome.exe: Plan executor error during findAndModify :: caused by :: E11000 duplicate key error collection: test.applications index: name_1 dup key: { name: "chrome.exe" }
2025-06-01 22:49:19 [error]: Error processing application msedgewebview2.exe: Plan executor error during findAndModify :: caused by :: E11000 duplicate key error collection: test.applications index: name_1 dup key: { name: "msedgewebview2.exe" }
2025-06-01 22:50:26 [error]: Error processing application chrome.exe: Plan executor error during findAndModify :: caused by :: E11000 duplicate key error collection: test.applications index: name_1 dup key: { name: "chrome.exe" }
2025-06-01 22:50:27 [error]: Error processing application msedgewebview2.exe: Plan executor error during findAndModify :: caused by :: E11000 duplicate key error collection: test.applications index: name_1 dup key: { name: "msedgewebview2.exe" }
2025-06-01 22:53:03 [error]: JWT verification error: jwt expired
2025-06-01 22:54:20 [error]: Error processing application chrome.exe: Plan executor error during findAndModify :: caused by :: E11000 duplicate key error collection: test.applications index: name_1 dup key: { name: "chrome.exe" }
2025-06-01 22:54:20 [error]: Error processing application msedgewebview2.exe: Plan executor error during findAndModify :: caused by :: E11000 duplicate key error collection: test.applications index: name_1 dup key: { name: "msedgewebview2.exe" }
2025-06-02 08:28:49 [error]: Error processing application chrome.exe: Plan executor error during findAndModify :: caused by :: E11000 duplicate key error collection: test.applications index: name_1 dup key: { name: "chrome.exe" }
2025-06-02 08:33:51 [error]: Error processing application chrome.exe: Plan executor error during findAndModify :: caused by :: E11000 duplicate key error collection: test.applications index: name_1 dup key: { name: "chrome.exe" }
2025-06-02 08:33:52 [error]: Error processing application msedgewebview2.exe: Plan executor error during findAndModify :: caused by :: E11000 duplicate key error collection: test.applications index: name_1 dup key: { name: "msedgewebview2.exe" }
2025-06-02 08:44:59 [error]: Error processing application msedgewebview2.exe: Plan executor error during findAndModify :: caused by :: E11000 duplicate key error collection: test.applications index: name_1 dup key: { name: "msedgewebview2.exe" }
2025-06-02 08:44:59 [error]: Error processing application chrome.exe: Plan executor error during findAndModify :: caused by :: E11000 duplicate key error collection: test.applications index: name_1 dup key: { name: "chrome.exe" }
2025-06-02 08:49:59 [error]: Error processing application chrome.exe: Plan executor error during findAndModify :: caused by :: E11000 duplicate key error collection: test.applications index: name_1 dup key: { name: "chrome.exe" }
2025-06-02 08:49:59 [error]: Error processing application msedgewebview2.exe: Plan executor error during findAndModify :: caused by :: E11000 duplicate key error collection: test.applications index: name_1 dup key: { name: "msedgewebview2.exe" }
2025-06-02 08:55:00 [error]: Error processing application chrome.exe: Plan executor error during findAndModify :: caused by :: E11000 duplicate key error collection: test.applications index: name_1 dup key: { name: "chrome.exe" }
2025-06-02 08:55:00 [error]: Error processing application msedgewebview2.exe: Plan executor error during findAndModify :: caused by :: E11000 duplicate key error collection: test.applications index: name_1 dup key: { name: "msedgewebview2.exe" }
2025-06-02 09:00:00 [error]: Error processing application chrome.exe: Plan executor error during findAndModify :: caused by :: E11000 duplicate key error collection: test.applications index: name_1 dup key: { name: "chrome.exe" }
2025-06-02 09:00:00 [error]: Error processing application msedgewebview2.exe: Plan executor error during findAndModify :: caused by :: E11000 duplicate key error collection: test.applications index: name_1 dup key: { name: "msedgewebview2.exe" }
2025-06-02 09:05:01 [error]: Error processing application chrome.exe: Plan executor error during findAndModify :: caused by :: E11000 duplicate key error collection: test.applications index: name_1 dup key: { name: "chrome.exe" }
2025-06-02 09:05:01 [error]: Error processing application msedgewebview2.exe: Plan executor error during findAndModify :: caused by :: E11000 duplicate key error collection: test.applications index: name_1 dup key: { name: "msedgewebview2.exe" }
2025-06-02 09:10:01 [error]: Error processing application msedgewebview2.exe: Plan executor error during findAndModify :: caused by :: E11000 duplicate key error collection: test.applications index: name_1 dup key: { name: "msedgewebview2.exe" }
2025-06-02 09:10:01 [error]: Error processing application chrome.exe: Plan executor error during findAndModify :: caused by :: E11000 duplicate key error collection: test.applications index: name_1 dup key: { name: "chrome.exe" }
2025-06-02 21:13:34 [error]: Error processing application chrome.exe: Plan executor error during findAndModify :: caused by :: E11000 duplicate key error collection: test.applications index: name_1 dup key: { name: "chrome.exe" }
2025-06-02 21:13:34 [error]: Error processing application msedgewebview2.exe: Plan executor error during findAndModify :: caused by :: E11000 duplicate key error collection: test.applications index: name_1 dup key: { name: "msedgewebview2.exe" }
2025-06-02 22:02:05 [error]: Error processing application python.exe: Plan executor error during findAndModify :: caused by :: E11000 duplicate key error collection: test.applications index: name_1 dup key: { name: "python.exe" }
2025-06-02 22:02:05 [error]: Error processing application mysqld.exe: Plan executor error during findAndModify :: caused by :: E11000 duplicate key error collection: test.applications index: name_1 dup key: { name: "mysqld.exe" }
2025-06-02 22:02:05 [error]: Error processing application msedgewebview2.exe: Plan executor error during findAndModify :: caused by :: E11000 duplicate key error collection: test.applications index: name_1 dup key: { name: "msedgewebview2.exe" }
2025-06-02 22:02:05 [error]: Error processing application node.exe: Plan executor error during findAndModify :: caused by :: E11000 duplicate key error collection: test.applications index: name_1 dup key: { name: "node.exe" }
2025-06-02 22:02:06 [error]: Error processing application svchost.exe: Plan executor error during findAndModify :: caused by :: E11000 duplicate key error collection: test.applications index: name_1 dup key: { name: "svchost.exe" }
2025-06-02 22:02:06 [error]: Error processing application chrome.exe: Plan executor error during findAndModify :: caused by :: E11000 duplicate key error collection: test.applications index: name_1 dup key: { name: "chrome.exe" }
2025-06-02 22:02:06 [error]: Error processing application System: Plan executor error during findAndModify :: caused by :: E11000 duplicate key error collection: test.applications index: name_1 dup key: { name: "System" }
2025-06-02 22:02:06 [error]: Error processing application lsass.exe: Plan executor error during findAndModify :: caused by :: E11000 duplicate key error collection: test.applications index: name_1 dup key: { name: "lsass.exe" }
2025-06-02 22:02:06 [error]: Error processing application wininit.exe: Plan executor error during findAndModify :: caused by :: E11000 duplicate key error collection: test.applications index: name_1 dup key: { name: "wininit.exe" }
2025-06-02 22:02:06 [error]: Error processing application services.exe: Plan executor error during findAndModify :: caused by :: E11000 duplicate key error collection: test.applications index: name_1 dup key: { name: "services.exe" }
2025-06-02 22:02:06 [error]: Error processing application spoolsv.exe: Plan executor error during findAndModify :: caused by :: E11000 duplicate key error collection: test.applications index: name_1 dup key: { name: "spoolsv.exe" }
2025-06-02 22:02:06 [error]: Error processing application jhi_service.exe: Plan executor error during findAndModify :: caused by :: E11000 duplicate key error collection: test.applications index: name_1 dup key: { name: "jhi_service.exe" }
2025-06-02 22:02:06 [error]: Error processing application vmware-authd.exe: Plan executor error during findAndModify :: caused by :: E11000 duplicate key error collection: test.applications index: name_1 dup key: { name: "vmware-authd.exe" }
2025-06-02 22:02:06 [error]: Error processing application postgres.exe: Plan executor error during findAndModify :: caused by :: E11000 duplicate key error collection: test.applications index: name_1 dup key: { name: "postgres.exe" }
2025-06-02 22:07:06 [error]: Error processing application mysqld.exe: Plan executor error during findAndModify :: caused by :: E11000 duplicate key error collection: test.applications index: name_1 dup key: { name: "mysqld.exe" }
2025-06-02 22:07:06 [error]: Error processing application chrome.exe: Plan executor error during findAndModify :: caused by :: E11000 duplicate key error collection: test.applications index: name_1 dup key: { name: "chrome.exe" }
2025-06-02 22:07:06 [error]: Error processing application svchost.exe: Plan executor error during findAndModify :: caused by :: E11000 duplicate key error collection: test.applications index: name_1 dup key: { name: "svchost.exe" }
2025-06-02 22:07:06 [error]: Error processing application python.exe: Plan executor error during findAndModify :: caused by :: E11000 duplicate key error collection: test.applications index: name_1 dup key: { name: "python.exe" }
2025-06-02 22:07:06 [error]: Error processing application node.exe: Plan executor error during findAndModify :: caused by :: E11000 duplicate key error collection: test.applications index: name_1 dup key: { name: "node.exe" }
2025-06-02 22:07:06 [error]: Error processing application lsass.exe: Plan executor error during findAndModify :: caused by :: E11000 duplicate key error collection: test.applications index: name_1 dup key: { name: "lsass.exe" }
2025-06-02 22:07:06 [error]: Error processing application msedgewebview2.exe: Plan executor error during findAndModify :: caused by :: E11000 duplicate key error collection: test.applications index: name_1 dup key: { name: "msedgewebview2.exe" }
2025-06-02 22:07:06 [error]: Error processing application System: Plan executor error during findAndModify :: caused by :: E11000 duplicate key error collection: test.applications index: name_1 dup key: { name: "System" }
2025-06-02 22:07:06 [error]: Error processing application vmware-authd.exe: Plan executor error during findAndModify :: caused by :: E11000 duplicate key error collection: test.applications index: name_1 dup key: { name: "vmware-authd.exe" }
2025-06-02 22:07:06 [error]: Error processing application spoolsv.exe: Plan executor error during findAndModify :: caused by :: E11000 duplicate key error collection: test.applications index: name_1 dup key: { name: "spoolsv.exe" }
2025-06-02 22:07:06 [error]: Error processing application wininit.exe: Plan executor error during findAndModify :: caused by :: E11000 duplicate key error collection: test.applications index: name_1 dup key: { name: "wininit.exe" }
2025-06-02 22:07:06 [error]: Error processing application services.exe: Plan executor error during findAndModify :: caused by :: E11000 duplicate key error collection: test.applications index: name_1 dup key: { name: "services.exe" }
2025-06-02 22:07:06 [error]: Error processing application postgres.exe: Plan executor error during findAndModify :: caused by :: E11000 duplicate key error collection: test.applications index: name_1 dup key: { name: "postgres.exe" }
2025-06-02 22:07:06 [error]: Error processing application jhi_service.exe: Plan executor error during findAndModify :: caused by :: E11000 duplicate key error collection: test.applications index: name_1 dup key: { name: "jhi_service.exe" }
2025-06-02 22:17:59 [error]: Error processing application python.exe: Plan executor error during findAndModify :: caused by :: E11000 duplicate key error collection: test.applications index: name_1 dup key: { name: "python.exe" }
2025-06-02 22:17:59 [error]: Error processing application chrome.exe: Plan executor error during findAndModify :: caused by :: E11000 duplicate key error collection: test.applications index: name_1 dup key: { name: "chrome.exe" }
2025-06-02 22:17:59 [error]: Error processing application svchost.exe: Plan executor error during findAndModify :: caused by :: E11000 duplicate key error collection: test.applications index: name_1 dup key: { name: "svchost.exe" }
2025-06-02 22:17:59 [error]: Error processing application mysqld.exe: Plan executor error during findAndModify :: caused by :: E11000 duplicate key error collection: test.applications index: name_1 dup key: { name: "mysqld.exe" }
2025-06-02 22:17:59 [error]: Error processing application System: Plan executor error during findAndModify :: caused by :: E11000 duplicate key error collection: test.applications index: name_1 dup key: { name: "System" }
2025-06-02 22:17:59 [error]: Error processing application node.exe: Plan executor error during findAndModify :: caused by :: E11000 duplicate key error collection: test.applications index: name_1 dup key: { name: "node.exe" }
2025-06-02 22:17:59 [error]: Error processing application postgres.exe: Plan executor error during findAndModify :: caused by :: E11000 duplicate key error collection: test.applications index: name_1 dup key: { name: "postgres.exe" }
2025-06-02 22:17:59 [error]: Error processing application msedgewebview2.exe: Plan executor error during findAndModify :: caused by :: E11000 duplicate key error collection: test.applications index: name_1 dup key: { name: "msedgewebview2.exe" }
2025-06-02 22:17:59 [error]: Error processing application wininit.exe: Plan executor error during findAndModify :: caused by :: E11000 duplicate key error collection: test.applications index: name_1 dup key: { name: "wininit.exe" }
2025-06-02 22:17:59 [error]: Error processing application lsass.exe: Plan executor error during findAndModify :: caused by :: E11000 duplicate key error collection: test.applications index: name_1 dup key: { name: "lsass.exe" }
2025-06-02 22:17:59 [error]: Error processing application services.exe: Plan executor error during findAndModify :: caused by :: E11000 duplicate key error collection: test.applications index: name_1 dup key: { name: "services.exe" }
2025-06-02 22:17:59 [error]: Error processing application vmware-authd.exe: Plan executor error during findAndModify :: caused by :: E11000 duplicate key error collection: test.applications index: name_1 dup key: { name: "vmware-authd.exe" }
2025-06-02 22:17:59 [error]: Error processing application spoolsv.exe: Plan executor error during findAndModify :: caused by :: E11000 duplicate key error collection: test.applications index: name_1 dup key: { name: "spoolsv.exe" }
2025-06-02 22:17:59 [error]: Error processing application jhi_service.exe: Plan executor error during findAndModify :: caused by :: E11000 duplicate key error collection: test.applications index: name_1 dup key: { name: "jhi_service.exe" }
2025-06-02 22:38:06 [error]: Error processing application svchost.exe: Plan executor error during findAndModify :: caused by :: E11000 duplicate key error collection: test.applications index: name_1 dup key: { name: "svchost.exe" }
2025-06-02 22:38:06 [error]: Error processing application System: Plan executor error during findAndModify :: caused by :: E11000 duplicate key error collection: test.applications index: name_1 dup key: { name: "System" }
2025-06-02 22:38:06 [error]: Error processing application chrome.exe: Plan executor error during findAndModify :: caused by :: E11000 duplicate key error collection: test.applications index: name_1 dup key: { name: "chrome.exe" }
2025-06-02 22:38:07 [error]: Error processing application node.exe: Plan executor error during findAndModify :: caused by :: E11000 duplicate key error collection: test.applications index: name_1 dup key: { name: "node.exe" }
2025-06-02 22:38:07 [error]: Error processing application python.exe: Plan executor error during findAndModify :: caused by :: E11000 duplicate key error collection: test.applications index: name_1 dup key: { name: "python.exe" }
2025-06-02 22:38:07 [error]: Error processing application mysqld.exe: Plan executor error during findAndModify :: caused by :: E11000 duplicate key error collection: test.applications index: name_1 dup key: { name: "mysqld.exe" }
2025-06-02 22:38:07 [error]: Error processing application services.exe: Plan executor error during findAndModify :: caused by :: E11000 duplicate key error collection: test.applications index: name_1 dup key: { name: "services.exe" }
2025-06-02 22:38:07 [error]: Error processing application spoolsv.exe: Plan executor error during findAndModify :: caused by :: E11000 duplicate key error collection: test.applications index: name_1 dup key: { name: "spoolsv.exe" }
2025-06-02 22:38:07 [error]: Error processing application MpDefenderCoreService.exe: Plan executor error during findAndModify :: caused by :: E11000 duplicate key error collection: test.applications index: name_1 dup key: { name: "MpDefenderCoreService.exe" }
2025-06-02 22:38:07 [error]: Error processing application vmware-authd.exe: Plan executor error during findAndModify :: caused by :: E11000 duplicate key error collection: test.applications index: name_1 dup key: { name: "vmware-authd.exe" }
2025-06-02 22:38:07 [error]: Error processing application postgres.exe: Plan executor error during findAndModify :: caused by :: E11000 duplicate key error collection: test.applications index: name_1 dup key: { name: "postgres.exe" }
2025-06-02 22:38:07 [error]: Error processing application jhi_service.exe: Plan executor error during findAndModify :: caused by :: E11000 duplicate key error collection: test.applications index: name_1 dup key: { name: "jhi_service.exe" }
2025-06-02 22:38:07 [error]: Error processing application lsass.exe: Plan executor error during findAndModify :: caused by :: E11000 duplicate key error collection: test.applications index: name_1 dup key: { name: "lsass.exe" }
2025-06-02 22:38:07 [error]: Error processing application wininit.exe: Plan executor error during findAndModify :: caused by :: E11000 duplicate key error collection: test.applications index: name_1 dup key: { name: "wininit.exe" }
2025-06-02 22:43:07 [error]: Error processing application python.exe: Plan executor error during findAndModify :: caused by :: E11000 duplicate key error collection: test.applications index: name_1 dup key: { name: "python.exe" }
2025-06-02 22:43:07 [error]: Error processing application svchost.exe: Plan executor error during findAndModify :: caused by :: E11000 duplicate key error collection: test.applications index: name_1 dup key: { name: "svchost.exe" }
2025-06-02 22:43:07 [error]: Error processing application node.exe: Plan executor error during findAndModify :: caused by :: E11000 duplicate key error collection: test.applications index: name_1 dup key: { name: "node.exe" }
2025-06-02 22:43:07 [error]: Error processing application System: Plan executor error during findAndModify :: caused by :: E11000 duplicate key error collection: test.applications index: name_1 dup key: { name: "System" }
2025-06-02 22:43:07 [error]: Error processing application chrome.exe: Plan executor error during findAndModify :: caused by :: E11000 duplicate key error collection: test.applications index: name_1 dup key: { name: "chrome.exe" }
2025-06-02 22:43:07 [error]: Error processing application mysqld.exe: Plan executor error during findAndModify :: caused by :: E11000 duplicate key error collection: test.applications index: name_1 dup key: { name: "mysqld.exe" }
2025-06-02 22:43:07 [error]: Error processing application MpDefenderCoreService.exe: Plan executor error during findAndModify :: caused by :: E11000 duplicate key error collection: test.applications index: name_1 dup key: { name: "MpDefenderCoreService.exe" }
2025-06-02 22:43:07 [error]: Error processing application services.exe: Plan executor error during findAndModify :: caused by :: E11000 duplicate key error collection: test.applications index: name_1 dup key: { name: "services.exe" }
2025-06-02 22:43:07 [error]: Error processing application spoolsv.exe: Plan executor error during findAndModify :: caused by :: E11000 duplicate key error collection: test.applications index: name_1 dup key: { name: "spoolsv.exe" }
2025-06-02 22:43:07 [error]: Error processing application vmware-authd.exe: Plan executor error during findAndModify :: caused by :: E11000 duplicate key error collection: test.applications index: name_1 dup key: { name: "vmware-authd.exe" }
2025-06-02 22:43:07 [error]: Error processing application postgres.exe: Plan executor error during findAndModify :: caused by :: E11000 duplicate key error collection: test.applications index: name_1 dup key: { name: "postgres.exe" }
2025-06-02 22:43:07 [error]: Error processing application jhi_service.exe: Plan executor error during findAndModify :: caused by :: E11000 duplicate key error collection: test.applications index: name_1 dup key: { name: "jhi_service.exe" }
2025-06-02 22:43:07 [error]: Error processing application lsass.exe: Plan executor error during findAndModify :: caused by :: E11000 duplicate key error collection: test.applications index: name_1 dup key: { name: "lsass.exe" }
2025-06-02 22:43:07 [error]: Error processing application wininit.exe: Plan executor error during findAndModify :: caused by :: E11000 duplicate key error collection: test.applications index: name_1 dup key: { name: "wininit.exe" }
